<?xml version="1.0" encoding="UTF-8"?>
<!-- Generated by org.testng.reporters.JUnitXMLReporter -->
<testsuite ignored="1" hostname="usha" failures="0" tests="10" name="Default test" time="68.867" errors="0" timestamp="2022-06-05T21:52:40 IST">
  <testcase classname="Runner.loginnobroker" name="loginApp" time="2.36"/>
  <testcase classname="Runner.loginnobroker" name="searchpapp" time="2.972"/>
  <testcase classname="Runner.loginnobroker" name="menuappoo" time="1.079"/>
  <testcase classname="Runner.loginnobroker" name="searapp" time="0.672"/>
  <testcase classname="Runner.loginnobroker" name="studyapp" time="6.219"/>
  <testcase classname="Runner.loginnobroker" name="aboutaa" time="15.354"/>
  <testcase classname="Runner.loginnobroker" name="rentalagr" time="18.478"/>
  <testcase classname="Runner.loginnobroker" name="loancart" time="8.192"/>
  <testcase classname="Runner.loginnobroker" name="siteapp" time="1.344"/>
  <testcase classname="Runner.loginnobroker" name="infoapp" time="5.449"/>
  <testcase classname="Runner.Baseclass" name="@BeforeSuite setupsuite" time="0.0">
    <ignored/>
  </testcase> <!-- @BeforeSuite setupsuite -->
</testsuite> <!-- Default test -->
